<?xml version="1.0" encoding="UTF-8"?>
<!-- Generated by org.testng.reporters.JUnitReportReporter -->
<testsuite hostname="LM0001778" failures="0" tests="1" name="tests.verifyManageIdentity" time="0.231" errors="0" timestamp="2021-08-04T12:16:58 IST" skipped="0">
  <testcase classname="tests.verifyManageIdentity" name="manageIdentity" time="0.231"/>
  <system-out/>
</testsuite> <!-- tests.verifyManageIdentity -->
